<?xml version="1.0" encoding="UTF-8"?>
<!-- Generated by org.testng.reporters.JUnitXMLReporter -->
<testsuite ignored="0" hostname="DESKTOP-KGKN163" failures="1" tests="1" name="FirefoxTest" time="42.279" errors="0" timestamp="2025-05-15T17:20:18 IST">
  <testcase classname="testCases.TC001_AccountRegistrationTest" name="verify_account_registration" time="13.134">
    <failure type="java.lang.AssertionError" message="Test failed:">
      <![CDATA[java.lang.AssertionError: Test failed:
at testCases.TC001_AccountRegistrationTest.verify_account_registration(TC001_AccountRegistrationTest.java:64)
at java.base/java.util.ArrayList.forEach(ArrayList.java:1596)
at java.base/java.util.concurrent.FutureTask.run(FutureTask.java:317)
at java.base/java.util.concurrent.ThreadPoolExecutor.runWorker(ThreadPoolExecutor.java:1144)
at java.base/java.util.concurrent.ThreadPoolExecutor$Worker.run(ThreadPoolExecutor.java:642)
at java.base/java.lang.Thread.run(Thread.java:1583)
... Removed 16 stack frames]]>
    </failure>
  </testcase> <!-- verify_account_registration -->
</testsuite> <!-- FirefoxTest -->
